Collecting coverage~=5.2
  Downloading coverage-5.4-cp36-cp36m-win_amd64.whl (211 kB)
Collecting flake8~=3.7
  Downloading flake8-3.8.4-py2.py3-none-any.whl (72 kB)
Collecting pypandoc~=1.4
  Downloading pypandoc-1.5.tar.gz (26 kB)
Requirement already satisfied: setuptools>=38.6.0 in d:\dsusers\uidq5530\charan\study\python\pluralsight\gettingstarted\ws\python_samples\python\.pybuilder\plugins\cpython-3.6.2.final.0\lib\site-packages (53.1.0)
Collecting twine>=1.15.0
  Downloading twine-3.3.0-py3-none-any.whl (34 kB)
Collecting unittest-xml-reporting~=3.0.2
  Downloading unittest_xml_reporting-3.0.4-py2.py3-none-any.whl (19 kB)
Requirement already satisfied: wheel>=0.34.0 in d:\dsusers\uidq5530\charan\study\python\pluralsight\gettingstarted\ws\python_samples\python\.pybuilder\plugins\cpython-3.6.2.final.0\lib\site-packages (0.36.2)
Collecting pycodestyle<2.7.0,>=2.6.0a1
  Downloading pycodestyle-2.6.0-py2.py3-none-any.whl (41 kB)
Collecting importlib-metadata
  Downloading importlib_metadata-3.7.0-py3-none-any.whl (11 kB)
Collecting mccabe<0.7.0,>=0.6.0
  Downloading mccabe-0.6.1-py2.py3-none-any.whl (8.6 kB)
Collecting pyflakes<2.3.0,>=2.2.0
  Downloading pyflakes-2.2.0-py2.py3-none-any.whl (66 kB)
Requirement already satisfied: pip>=8.1.0 in d:\dsusers\uidq5530\charan\study\python\pluralsight\gettingstarted\ws\python_samples\python\.pybuilder\plugins\cpython-3.6.2.final.0\lib\site-packages (from pypandoc~=1.4) (21.0.1)
Collecting requests>=2.20
  Downloading requests-2.25.1-py2.py3-none-any.whl (61 kB)
Collecting tqdm>=4.14
  Downloading tqdm-4.58.0-py2.py3-none-any.whl (73 kB)
Collecting rfc3986>=1.4.0
  Using cached rfc3986-1.4.0-py2.py3-none-any.whl (31 kB)
Collecting colorama>=0.4.3
  Using cached colorama-0.4.4-py2.py3-none-any.whl (16 kB)
Collecting pkginfo>=1.4.2
  Downloading pkginfo-1.7.0-py2.py3-none-any.whl (25 kB)
Collecting requests-toolbelt!=0.9.0,>=0.8.0
  Using cached requests_toolbelt-0.9.1-py2.py3-none-any.whl (54 kB)
Collecting keyring>=15.1
  Downloading keyring-22.2.0-py3-none-any.whl (32 kB)
Collecting readme-renderer>=21.0
  Downloading readme_renderer-29.0-py2.py3-none-any.whl (15 kB)
Collecting pywin32-ctypes!=0.1.0,!=0.1.1
  Using cached pywin32_ctypes-0.2.0-py2.py3-none-any.whl (28 kB)
Collecting zipp>=0.5
  Using cached zipp-3.4.0-py3-none-any.whl (5.2 kB)
Collecting typing-extensions>=3.6.4
  Using cached typing_extensions-3.7.4.3-py3-none-any.whl (22 kB)
Collecting Pygments>=2.5.1
  Downloading Pygments-2.8.0-py3-none-any.whl (983 kB)
Collecting bleach>=2.1.0
  Downloading bleach-3.3.0-py2.py3-none-any.whl (283 kB)
Collecting docutils>=0.13.1
  Using cached docutils-0.16-py2.py3-none-any.whl (548 kB)
Collecting six
  Using cached six-1.15.0-py2.py3-none-any.whl (10 kB)
Collecting packaging
  Downloading packaging-20.9-py2.py3-none-any.whl (40 kB)
Collecting webencodings
  Using cached webencodings-0.5.1-py2.py3-none-any.whl (11 kB)
Collecting certifi>=2017.4.17
  Downloading certifi-2020.12.5-py2.py3-none-any.whl (147 kB)
Collecting urllib3<1.27,>=1.21.1
  Downloading urllib3-1.26.3-py2.py3-none-any.whl (137 kB)
Collecting idna<3,>=2.5
  Using cached idna-2.10-py2.py3-none-any.whl (58 kB)
Collecting chardet<5,>=3.0.2
  Downloading chardet-4.0.0-py2.py3-none-any.whl (178 kB)
Collecting pyparsing>=2.0.2
  Using cached pyparsing-2.4.7-py2.py3-none-any.whl (67 kB)
Building wheels for collected packages: pypandoc
  Building wheel for pypandoc (setup.py): started
  Building wheel for pypandoc (setup.py): finished with status 'done'
  Created wheel for pypandoc: filename=pypandoc-1.5-py3-none-any.whl size=17037 sha256=1957eebfd9d706a5a99d10bae9323c23dfc3309ad49ab1f76298018a3aa414ca
  Stored in directory: c:\users\uidq5530\appdata\local\pip\cache\wheels\99\2f\6f\5c5b74e2659126cde3fa5db4e4898f769542e13eb22a530aa7
Successfully built pypandoc
Installing collected packages: pyparsing, zipp, webencodings, urllib3, typing-extensions, six, packaging, idna, chardet, certifi, requests, pywin32-ctypes, Pygments, importlib-metadata, docutils, bleach, tqdm, rfc3986, requests-toolbelt, readme-renderer, pyflakes, pycodestyle, pkginfo, mccabe, keyring, colorama, unittest-xml-reporting, twine, pypandoc, flake8, coverage
Successfully installed Pygments-2.8.0 bleach-3.3.0 certifi-2020.12.5 chardet-4.0.0 colorama-0.4.4 coverage-5.4 docutils-0.16 flake8-3.8.4 idna-2.10 importlib-metadata-3.7.0 keyring-22.2.0 mccabe-0.6.1 packaging-20.9 pkginfo-1.7.0 pycodestyle-2.6.0 pyflakes-2.2.0 pypandoc-1.5 pyparsing-2.4.7 pywin32-ctypes-0.2.0 readme-renderer-29.0 requests-2.25.1 requests-toolbelt-0.9.1 rfc3986-1.4.0 six-1.15.0 tqdm-4.58.0 twine-3.3.0 typing-extensions-3.7.4.3 unittest-xml-reporting-3.0.4 urllib3-1.26.3 webencodings-0.5.1 zipp-3.4.0
Requirement already satisfied: coverage~=5.2 in d:\dsusers\uidq5530\charan\study\python\pluralsight\gettingstarted\ws\python_samples\python\.pybuilder\plugins\cpython-3.6.2.final.0\lib\site-packages (5.4)
Requirement already satisfied: flake8~=3.7 in d:\dsusers\uidq5530\charan\study\python\pluralsight\gettingstarted\ws\python_samples\python\.pybuilder\plugins\cpython-3.6.2.final.0\lib\site-packages (3.8.4)
Requirement already satisfied: pypandoc~=1.4 in d:\dsusers\uidq5530\charan\study\python\pluralsight\gettingstarted\ws\python_samples\python\.pybuilder\plugins\cpython-3.6.2.final.0\lib\site-packages (1.5)
Requirement already satisfied: setuptools>=38.6.0 in d:\dsusers\uidq5530\charan\study\python\pluralsight\gettingstarted\ws\python_samples\python\.pybuilder\plugins\cpython-3.6.2.final.0\lib\site-packages (53.1.0)
Requirement already satisfied: twine>=1.15.0 in d:\dsusers\uidq5530\charan\study\python\pluralsight\gettingstarted\ws\python_samples\python\.pybuilder\plugins\cpython-3.6.2.final.0\lib\site-packages (3.3.0)
Requirement already satisfied: unittest-xml-reporting~=3.0.2 in d:\dsusers\uidq5530\charan\study\python\pluralsight\gettingstarted\ws\python_samples\python\.pybuilder\plugins\cpython-3.6.2.final.0\lib\site-packages (3.0.4)
Requirement already satisfied: wheel>=0.34.0 in d:\dsusers\uidq5530\charan\study\python\pluralsight\gettingstarted\ws\python_samples\python\.pybuilder\plugins\cpython-3.6.2.final.0\lib\site-packages (0.36.2)
Requirement already satisfied: importlib-metadata in d:\dsusers\uidq5530\charan\study\python\pluralsight\gettingstarted\ws\python_samples\python\.pybuilder\plugins\cpython-3.6.2.final.0\lib\site-packages (from flake8~=3.7) (3.7.0)
Requirement already satisfied: pyflakes<2.3.0,>=2.2.0 in d:\dsusers\uidq5530\charan\study\python\pluralsight\gettingstarted\ws\python_samples\python\.pybuilder\plugins\cpython-3.6.2.final.0\lib\site-packages (from flake8~=3.7) (2.2.0)
Requirement already satisfied: mccabe<0.7.0,>=0.6.0 in d:\dsusers\uidq5530\charan\study\python\pluralsight\gettingstarted\ws\python_samples\python\.pybuilder\plugins\cpython-3.6.2.final.0\lib\site-packages (from flake8~=3.7) (0.6.1)
Requirement already satisfied: pycodestyle<2.7.0,>=2.6.0a1 in d:\dsusers\uidq5530\charan\study\python\pluralsight\gettingstarted\ws\python_samples\python\.pybuilder\plugins\cpython-3.6.2.final.0\lib\site-packages (from flake8~=3.7) (2.6.0)
Requirement already satisfied: pip>=8.1.0 in d:\dsusers\uidq5530\charan\study\python\pluralsight\gettingstarted\ws\python_samples\python\.pybuilder\plugins\cpython-3.6.2.final.0\lib\site-packages (from pypandoc~=1.4) (21.0.1)
Requirement already satisfied: pkginfo>=1.4.2 in d:\dsusers\uidq5530\charan\study\python\pluralsight\gettingstarted\ws\python_samples\python\.pybuilder\plugins\cpython-3.6.2.final.0\lib\site-packages (from twine>=1.15.0) (1.7.0)
Requirement already satisfied: rfc3986>=1.4.0 in d:\dsusers\uidq5530\charan\study\python\pluralsight\gettingstarted\ws\python_samples\python\.pybuilder\plugins\cpython-3.6.2.final.0\lib\site-packages (from twine>=1.15.0) (1.4.0)
Requirement already satisfied: keyring>=15.1 in d:\dsusers\uidq5530\charan\study\python\pluralsight\gettingstarted\ws\python_samples\python\.pybuilder\plugins\cpython-3.6.2.final.0\lib\site-packages (from twine>=1.15.0) (22.2.0)
Requirement already satisfied: tqdm>=4.14 in d:\dsusers\uidq5530\charan\study\python\pluralsight\gettingstarted\ws\python_samples\python\.pybuilder\plugins\cpython-3.6.2.final.0\lib\site-packages (from twine>=1.15.0) (4.58.0)
Requirement already satisfied: readme-renderer>=21.0 in d:\dsusers\uidq5530\charan\study\python\pluralsight\gettingstarted\ws\python_samples\python\.pybuilder\plugins\cpython-3.6.2.final.0\lib\site-packages (from twine>=1.15.0) (29.0)
Requirement already satisfied: colorama>=0.4.3 in d:\dsusers\uidq5530\charan\study\python\pluralsight\gettingstarted\ws\python_samples\python\.pybuilder\plugins\cpython-3.6.2.final.0\lib\site-packages (from twine>=1.15.0) (0.4.4)
Requirement already satisfied: requests>=2.20 in d:\dsusers\uidq5530\charan\study\python\pluralsight\gettingstarted\ws\python_samples\python\.pybuilder\plugins\cpython-3.6.2.final.0\lib\site-packages (from twine>=1.15.0) (2.25.1)
Requirement already satisfied: requests-toolbelt!=0.9.0,>=0.8.0 in d:\dsusers\uidq5530\charan\study\python\pluralsight\gettingstarted\ws\python_samples\python\.pybuilder\plugins\cpython-3.6.2.final.0\lib\site-packages (from twine>=1.15.0) (0.9.1)
Requirement already satisfied: pywin32-ctypes!=0.1.0,!=0.1.1 in d:\dsusers\uidq5530\charan\study\python\pluralsight\gettingstarted\ws\python_samples\python\.pybuilder\plugins\cpython-3.6.2.final.0\lib\site-packages (from keyring>=15.1->twine>=1.15.0) (0.2.0)
Requirement already satisfied: zipp>=0.5 in d:\dsusers\uidq5530\charan\study\python\pluralsight\gettingstarted\ws\python_samples\python\.pybuilder\plugins\cpython-3.6.2.final.0\lib\site-packages (from importlib-metadata->flake8~=3.7) (3.4.0)
Requirement already satisfied: typing-extensions>=3.6.4 in d:\dsusers\uidq5530\charan\study\python\pluralsight\gettingstarted\ws\python_samples\python\.pybuilder\plugins\cpython-3.6.2.final.0\lib\site-packages (from importlib-metadata->flake8~=3.7) (3.7.4.3)
Requirement already satisfied: docutils>=0.13.1 in d:\dsusers\uidq5530\charan\study\python\pluralsight\gettingstarted\ws\python_samples\python\.pybuilder\plugins\cpython-3.6.2.final.0\lib\site-packages (from readme-renderer>=21.0->twine>=1.15.0) (0.16)
Requirement already satisfied: bleach>=2.1.0 in d:\dsusers\uidq5530\charan\study\python\pluralsight\gettingstarted\ws\python_samples\python\.pybuilder\plugins\cpython-3.6.2.final.0\lib\site-packages (from readme-renderer>=21.0->twine>=1.15.0) (3.3.0)
Requirement already satisfied: six in d:\dsusers\uidq5530\charan\study\python\pluralsight\gettingstarted\ws\python_samples\python\.pybuilder\plugins\cpython-3.6.2.final.0\lib\site-packages (from readme-renderer>=21.0->twine>=1.15.0) (1.15.0)
Requirement already satisfied: Pygments>=2.5.1 in d:\dsusers\uidq5530\charan\study\python\pluralsight\gettingstarted\ws\python_samples\python\.pybuilder\plugins\cpython-3.6.2.final.0\lib\site-packages (from readme-renderer>=21.0->twine>=1.15.0) (2.8.0)
Requirement already satisfied: packaging in d:\dsusers\uidq5530\charan\study\python\pluralsight\gettingstarted\ws\python_samples\python\.pybuilder\plugins\cpython-3.6.2.final.0\lib\site-packages (from bleach>=2.1.0->readme-renderer>=21.0->twine>=1.15.0) (20.9)
Requirement already satisfied: webencodings in d:\dsusers\uidq5530\charan\study\python\pluralsight\gettingstarted\ws\python_samples\python\.pybuilder\plugins\cpython-3.6.2.final.0\lib\site-packages (from bleach>=2.1.0->readme-renderer>=21.0->twine>=1.15.0) (0.5.1)
Requirement already satisfied: idna<3,>=2.5 in d:\dsusers\uidq5530\charan\study\python\pluralsight\gettingstarted\ws\python_samples\python\.pybuilder\plugins\cpython-3.6.2.final.0\lib\site-packages (from requests>=2.20->twine>=1.15.0) (2.10)
Requirement already satisfied: certifi>=2017.4.17 in d:\dsusers\uidq5530\charan\study\python\pluralsight\gettingstarted\ws\python_samples\python\.pybuilder\plugins\cpython-3.6.2.final.0\lib\site-packages (from requests>=2.20->twine>=1.15.0) (2020.12.5)
Requirement already satisfied: chardet<5,>=3.0.2 in d:\dsusers\uidq5530\charan\study\python\pluralsight\gettingstarted\ws\python_samples\python\.pybuilder\plugins\cpython-3.6.2.final.0\lib\site-packages (from requests>=2.20->twine>=1.15.0) (4.0.0)
Requirement already satisfied: urllib3<1.27,>=1.21.1 in d:\dsusers\uidq5530\charan\study\python\pluralsight\gettingstarted\ws\python_samples\python\.pybuilder\plugins\cpython-3.6.2.final.0\lib\site-packages (from requests>=2.20->twine>=1.15.0) (1.26.3)
Requirement already satisfied: pyparsing>=2.0.2 in d:\dsusers\uidq5530\charan\study\python\pluralsight\gettingstarted\ws\python_samples\python\.pybuilder\plugins\cpython-3.6.2.final.0\lib\site-packages (from packaging->bleach>=2.1.0->readme-renderer>=21.0->twine>=1.15.0) (2.4.7)
Requirement already satisfied: coverage~=5.2 in d:\dsusers\uidq5530\charan\study\python\pluralsight\gettingstarted\ws\python_samples\python\.pybuilder\plugins\cpython-3.6.2.final.0\lib\site-packages (5.4)
Requirement already satisfied: flake8~=3.7 in d:\dsusers\uidq5530\charan\study\python\pluralsight\gettingstarted\ws\python_samples\python\.pybuilder\plugins\cpython-3.6.2.final.0\lib\site-packages (3.8.4)
Requirement already satisfied: pypandoc~=1.4 in d:\dsusers\uidq5530\charan\study\python\pluralsight\gettingstarted\ws\python_samples\python\.pybuilder\plugins\cpython-3.6.2.final.0\lib\site-packages (1.5)
Requirement already satisfied: setuptools>=38.6.0 in d:\dsusers\uidq5530\charan\study\python\pluralsight\gettingstarted\ws\python_samples\python\.pybuilder\plugins\cpython-3.6.2.final.0\lib\site-packages (53.1.0)
Requirement already satisfied: twine>=1.15.0 in d:\dsusers\uidq5530\charan\study\python\pluralsight\gettingstarted\ws\python_samples\python\.pybuilder\plugins\cpython-3.6.2.final.0\lib\site-packages (3.3.0)
Requirement already satisfied: unittest-xml-reporting~=3.0.2 in d:\dsusers\uidq5530\charan\study\python\pluralsight\gettingstarted\ws\python_samples\python\.pybuilder\plugins\cpython-3.6.2.final.0\lib\site-packages (3.0.4)
Requirement already satisfied: wheel>=0.34.0 in d:\dsusers\uidq5530\charan\study\python\pluralsight\gettingstarted\ws\python_samples\python\.pybuilder\plugins\cpython-3.6.2.final.0\lib\site-packages (0.36.2)
Requirement already satisfied: pycodestyle<2.7.0,>=2.6.0a1 in d:\dsusers\uidq5530\charan\study\python\pluralsight\gettingstarted\ws\python_samples\python\.pybuilder\plugins\cpython-3.6.2.final.0\lib\site-packages (from flake8~=3.7) (2.6.0)
Requirement already satisfied: mccabe<0.7.0,>=0.6.0 in d:\dsusers\uidq5530\charan\study\python\pluralsight\gettingstarted\ws\python_samples\python\.pybuilder\plugins\cpython-3.6.2.final.0\lib\site-packages (from flake8~=3.7) (0.6.1)
Requirement already satisfied: importlib-metadata in d:\dsusers\uidq5530\charan\study\python\pluralsight\gettingstarted\ws\python_samples\python\.pybuilder\plugins\cpython-3.6.2.final.0\lib\site-packages (from flake8~=3.7) (3.7.0)
Requirement already satisfied: pyflakes<2.3.0,>=2.2.0 in d:\dsusers\uidq5530\charan\study\python\pluralsight\gettingstarted\ws\python_samples\python\.pybuilder\plugins\cpython-3.6.2.final.0\lib\site-packages (from flake8~=3.7) (2.2.0)
Requirement already satisfied: pip>=8.1.0 in d:\dsusers\uidq5530\charan\study\python\pluralsight\gettingstarted\ws\python_samples\python\.pybuilder\plugins\cpython-3.6.2.final.0\lib\site-packages (from pypandoc~=1.4) (21.0.1)
Requirement already satisfied: tqdm>=4.14 in d:\dsusers\uidq5530\charan\study\python\pluralsight\gettingstarted\ws\python_samples\python\.pybuilder\plugins\cpython-3.6.2.final.0\lib\site-packages (from twine>=1.15.0) (4.58.0)
Requirement already satisfied: colorama>=0.4.3 in d:\dsusers\uidq5530\charan\study\python\pluralsight\gettingstarted\ws\python_samples\python\.pybuilder\plugins\cpython-3.6.2.final.0\lib\site-packages (from twine>=1.15.0) (0.4.4)
Requirement already satisfied: pkginfo>=1.4.2 in d:\dsusers\uidq5530\charan\study\python\pluralsight\gettingstarted\ws\python_samples\python\.pybuilder\plugins\cpython-3.6.2.final.0\lib\site-packages (from twine>=1.15.0) (1.7.0)
Requirement already satisfied: rfc3986>=1.4.0 in d:\dsusers\uidq5530\charan\study\python\pluralsight\gettingstarted\ws\python_samples\python\.pybuilder\plugins\cpython-3.6.2.final.0\lib\site-packages (from twine>=1.15.0) (1.4.0)
Requirement already satisfied: readme-renderer>=21.0 in d:\dsusers\uidq5530\charan\study\python\pluralsight\gettingstarted\ws\python_samples\python\.pybuilder\plugins\cpython-3.6.2.final.0\lib\site-packages (from twine>=1.15.0) (29.0)
Requirement already satisfied: requests>=2.20 in d:\dsusers\uidq5530\charan\study\python\pluralsight\gettingstarted\ws\python_samples\python\.pybuilder\plugins\cpython-3.6.2.final.0\lib\site-packages (from twine>=1.15.0) (2.25.1)
Requirement already satisfied: requests-toolbelt!=0.9.0,>=0.8.0 in d:\dsusers\uidq5530\charan\study\python\pluralsight\gettingstarted\ws\python_samples\python\.pybuilder\plugins\cpython-3.6.2.final.0\lib\site-packages (from twine>=1.15.0) (0.9.1)
Requirement already satisfied: keyring>=15.1 in d:\dsusers\uidq5530\charan\study\python\pluralsight\gettingstarted\ws\python_samples\python\.pybuilder\plugins\cpython-3.6.2.final.0\lib\site-packages (from twine>=1.15.0) (22.2.0)
Requirement already satisfied: pywin32-ctypes!=0.1.0,!=0.1.1 in d:\dsusers\uidq5530\charan\study\python\pluralsight\gettingstarted\ws\python_samples\python\.pybuilder\plugins\cpython-3.6.2.final.0\lib\site-packages (from keyring>=15.1->twine>=1.15.0) (0.2.0)
Requirement already satisfied: zipp>=0.5 in d:\dsusers\uidq5530\charan\study\python\pluralsight\gettingstarted\ws\python_samples\python\.pybuilder\plugins\cpython-3.6.2.final.0\lib\site-packages (from importlib-metadata->flake8~=3.7) (3.4.0)
Requirement already satisfied: typing-extensions>=3.6.4 in d:\dsusers\uidq5530\charan\study\python\pluralsight\gettingstarted\ws\python_samples\python\.pybuilder\plugins\cpython-3.6.2.final.0\lib\site-packages (from importlib-metadata->flake8~=3.7) (3.7.4.3)
Requirement already satisfied: bleach>=2.1.0 in d:\dsusers\uidq5530\charan\study\python\pluralsight\gettingstarted\ws\python_samples\python\.pybuilder\plugins\cpython-3.6.2.final.0\lib\site-packages (from readme-renderer>=21.0->twine>=1.15.0) (3.3.0)
Requirement already satisfied: six in d:\dsusers\uidq5530\charan\study\python\pluralsight\gettingstarted\ws\python_samples\python\.pybuilder\plugins\cpython-3.6.2.final.0\lib\site-packages (from readme-renderer>=21.0->twine>=1.15.0) (1.15.0)
Requirement already satisfied: Pygments>=2.5.1 in d:\dsusers\uidq5530\charan\study\python\pluralsight\gettingstarted\ws\python_samples\python\.pybuilder\plugins\cpython-3.6.2.final.0\lib\site-packages (from readme-renderer>=21.0->twine>=1.15.0) (2.8.0)
Requirement already satisfied: docutils>=0.13.1 in d:\dsusers\uidq5530\charan\study\python\pluralsight\gettingstarted\ws\python_samples\python\.pybuilder\plugins\cpython-3.6.2.final.0\lib\site-packages (from readme-renderer>=21.0->twine>=1.15.0) (0.16)
Requirement already satisfied: webencodings in d:\dsusers\uidq5530\charan\study\python\pluralsight\gettingstarted\ws\python_samples\python\.pybuilder\plugins\cpython-3.6.2.final.0\lib\site-packages (from bleach>=2.1.0->readme-renderer>=21.0->twine>=1.15.0) (0.5.1)
Requirement already satisfied: packaging in d:\dsusers\uidq5530\charan\study\python\pluralsight\gettingstarted\ws\python_samples\python\.pybuilder\plugins\cpython-3.6.2.final.0\lib\site-packages (from bleach>=2.1.0->readme-renderer>=21.0->twine>=1.15.0) (20.9)
Requirement already satisfied: chardet<5,>=3.0.2 in d:\dsusers\uidq5530\charan\study\python\pluralsight\gettingstarted\ws\python_samples\python\.pybuilder\plugins\cpython-3.6.2.final.0\lib\site-packages (from requests>=2.20->twine>=1.15.0) (4.0.0)
Requirement already satisfied: urllib3<1.27,>=1.21.1 in d:\dsusers\uidq5530\charan\study\python\pluralsight\gettingstarted\ws\python_samples\python\.pybuilder\plugins\cpython-3.6.2.final.0\lib\site-packages (from requests>=2.20->twine>=1.15.0) (1.26.3)
Requirement already satisfied: certifi>=2017.4.17 in d:\dsusers\uidq5530\charan\study\python\pluralsight\gettingstarted\ws\python_samples\python\.pybuilder\plugins\cpython-3.6.2.final.0\lib\site-packages (from requests>=2.20->twine>=1.15.0) (2020.12.5)
Requirement already satisfied: idna<3,>=2.5 in d:\dsusers\uidq5530\charan\study\python\pluralsight\gettingstarted\ws\python_samples\python\.pybuilder\plugins\cpython-3.6.2.final.0\lib\site-packages (from requests>=2.20->twine>=1.15.0) (2.10)
Requirement already satisfied: pyparsing>=2.0.2 in d:\dsusers\uidq5530\charan\study\python\pluralsight\gettingstarted\ws\python_samples\python\.pybuilder\plugins\cpython-3.6.2.final.0\lib\site-packages (from packaging->bleach>=2.1.0->readme-renderer>=21.0->twine>=1.15.0) (2.4.7)
Requirement already satisfied: coverage~=5.2 in d:\dsusers\uidq5530\charan\study\python\pluralsight\gettingstarted\ws\python_samples\python\.pybuilder\plugins\cpython-3.6.2.final.0\lib\site-packages (5.4)
Requirement already satisfied: flake8~=3.7 in d:\dsusers\uidq5530\charan\study\python\pluralsight\gettingstarted\ws\python_samples\python\.pybuilder\plugins\cpython-3.6.2.final.0\lib\site-packages (3.8.4)
Requirement already satisfied: pypandoc~=1.4 in d:\dsusers\uidq5530\charan\study\python\pluralsight\gettingstarted\ws\python_samples\python\.pybuilder\plugins\cpython-3.6.2.final.0\lib\site-packages (1.5)
Requirement already satisfied: setuptools>=38.6.0 in d:\dsusers\uidq5530\charan\study\python\pluralsight\gettingstarted\ws\python_samples\python\.pybuilder\plugins\cpython-3.6.2.final.0\lib\site-packages (53.1.0)
Requirement already satisfied: twine>=1.15.0 in d:\dsusers\uidq5530\charan\study\python\pluralsight\gettingstarted\ws\python_samples\python\.pybuilder\plugins\cpython-3.6.2.final.0\lib\site-packages (3.3.0)
Requirement already satisfied: unittest-xml-reporting~=3.0.2 in d:\dsusers\uidq5530\charan\study\python\pluralsight\gettingstarted\ws\python_samples\python\.pybuilder\plugins\cpython-3.6.2.final.0\lib\site-packages (3.0.4)
Requirement already satisfied: wheel>=0.34.0 in d:\dsusers\uidq5530\charan\study\python\pluralsight\gettingstarted\ws\python_samples\python\.pybuilder\plugins\cpython-3.6.2.final.0\lib\site-packages (0.36.2)
Requirement already satisfied: pycodestyle<2.7.0,>=2.6.0a1 in d:\dsusers\uidq5530\charan\study\python\pluralsight\gettingstarted\ws\python_samples\python\.pybuilder\plugins\cpython-3.6.2.final.0\lib\site-packages (from flake8~=3.7) (2.6.0)
Requirement already satisfied: pyflakes<2.3.0,>=2.2.0 in d:\dsusers\uidq5530\charan\study\python\pluralsight\gettingstarted\ws\python_samples\python\.pybuilder\plugins\cpython-3.6.2.final.0\lib\site-packages (from flake8~=3.7) (2.2.0)
Requirement already satisfied: mccabe<0.7.0,>=0.6.0 in d:\dsusers\uidq5530\charan\study\python\pluralsight\gettingstarted\ws\python_samples\python\.pybuilder\plugins\cpython-3.6.2.final.0\lib\site-packages (from flake8~=3.7) (0.6.1)
Requirement already satisfied: importlib-metadata in d:\dsusers\uidq5530\charan\study\python\pluralsight\gettingstarted\ws\python_samples\python\.pybuilder\plugins\cpython-3.6.2.final.0\lib\site-packages (from flake8~=3.7) (3.7.0)
Requirement already satisfied: pip>=8.1.0 in d:\dsusers\uidq5530\charan\study\python\pluralsight\gettingstarted\ws\python_samples\python\.pybuilder\plugins\cpython-3.6.2.final.0\lib\site-packages (from pypandoc~=1.4) (21.0.1)
Requirement already satisfied: tqdm>=4.14 in d:\dsusers\uidq5530\charan\study\python\pluralsight\gettingstarted\ws\python_samples\python\.pybuilder\plugins\cpython-3.6.2.final.0\lib\site-packages (from twine>=1.15.0) (4.58.0)
Requirement already satisfied: rfc3986>=1.4.0 in d:\dsusers\uidq5530\charan\study\python\pluralsight\gettingstarted\ws\python_samples\python\.pybuilder\plugins\cpython-3.6.2.final.0\lib\site-packages (from twine>=1.15.0) (1.4.0)
Requirement already satisfied: requests-toolbelt!=0.9.0,>=0.8.0 in d:\dsusers\uidq5530\charan\study\python\pluralsight\gettingstarted\ws\python_samples\python\.pybuilder\plugins\cpython-3.6.2.final.0\lib\site-packages (from twine>=1.15.0) (0.9.1)
Requirement already satisfied: readme-renderer>=21.0 in d:\dsusers\uidq5530\charan\study\python\pluralsight\gettingstarted\ws\python_samples\python\.pybuilder\plugins\cpython-3.6.2.final.0\lib\site-packages (from twine>=1.15.0) (29.0)
Requirement already satisfied: keyring>=15.1 in d:\dsusers\uidq5530\charan\study\python\pluralsight\gettingstarted\ws\python_samples\python\.pybuilder\plugins\cpython-3.6.2.final.0\lib\site-packages (from twine>=1.15.0) (22.2.0)
Requirement already satisfied: pkginfo>=1.4.2 in d:\dsusers\uidq5530\charan\study\python\pluralsight\gettingstarted\ws\python_samples\python\.pybuilder\plugins\cpython-3.6.2.final.0\lib\site-packages (from twine>=1.15.0) (1.7.0)
Requirement already satisfied: requests>=2.20 in d:\dsusers\uidq5530\charan\study\python\pluralsight\gettingstarted\ws\python_samples\python\.pybuilder\plugins\cpython-3.6.2.final.0\lib\site-packages (from twine>=1.15.0) (2.25.1)
Requirement already satisfied: colorama>=0.4.3 in d:\dsusers\uidq5530\charan\study\python\pluralsight\gettingstarted\ws\python_samples\python\.pybuilder\plugins\cpython-3.6.2.final.0\lib\site-packages (from twine>=1.15.0) (0.4.4)
Requirement already satisfied: pywin32-ctypes!=0.1.0,!=0.1.1 in d:\dsusers\uidq5530\charan\study\python\pluralsight\gettingstarted\ws\python_samples\python\.pybuilder\plugins\cpython-3.6.2.final.0\lib\site-packages (from keyring>=15.1->twine>=1.15.0) (0.2.0)
Requirement already satisfied: zipp>=0.5 in d:\dsusers\uidq5530\charan\study\python\pluralsight\gettingstarted\ws\python_samples\python\.pybuilder\plugins\cpython-3.6.2.final.0\lib\site-packages (from importlib-metadata->flake8~=3.7) (3.4.0)
Requirement already satisfied: typing-extensions>=3.6.4 in d:\dsusers\uidq5530\charan\study\python\pluralsight\gettingstarted\ws\python_samples\python\.pybuilder\plugins\cpython-3.6.2.final.0\lib\site-packages (from importlib-metadata->flake8~=3.7) (3.7.4.3)
Requirement already satisfied: bleach>=2.1.0 in d:\dsusers\uidq5530\charan\study\python\pluralsight\gettingstarted\ws\python_samples\python\.pybuilder\plugins\cpython-3.6.2.final.0\lib\site-packages (from readme-renderer>=21.0->twine>=1.15.0) (3.3.0)
Requirement already satisfied: Pygments>=2.5.1 in d:\dsusers\uidq5530\charan\study\python\pluralsight\gettingstarted\ws\python_samples\python\.pybuilder\plugins\cpython-3.6.2.final.0\lib\site-packages (from readme-renderer>=21.0->twine>=1.15.0) (2.8.0)
Requirement already satisfied: six in d:\dsusers\uidq5530\charan\study\python\pluralsight\gettingstarted\ws\python_samples\python\.pybuilder\plugins\cpython-3.6.2.final.0\lib\site-packages (from readme-renderer>=21.0->twine>=1.15.0) (1.15.0)
Requirement already satisfied: docutils>=0.13.1 in d:\dsusers\uidq5530\charan\study\python\pluralsight\gettingstarted\ws\python_samples\python\.pybuilder\plugins\cpython-3.6.2.final.0\lib\site-packages (from readme-renderer>=21.0->twine>=1.15.0) (0.16)
Requirement already satisfied: packaging in d:\dsusers\uidq5530\charan\study\python\pluralsight\gettingstarted\ws\python_samples\python\.pybuilder\plugins\cpython-3.6.2.final.0\lib\site-packages (from bleach>=2.1.0->readme-renderer>=21.0->twine>=1.15.0) (20.9)
Requirement already satisfied: webencodings in d:\dsusers\uidq5530\charan\study\python\pluralsight\gettingstarted\ws\python_samples\python\.pybuilder\plugins\cpython-3.6.2.final.0\lib\site-packages (from bleach>=2.1.0->readme-renderer>=21.0->twine>=1.15.0) (0.5.1)
Requirement already satisfied: idna<3,>=2.5 in d:\dsusers\uidq5530\charan\study\python\pluralsight\gettingstarted\ws\python_samples\python\.pybuilder\plugins\cpython-3.6.2.final.0\lib\site-packages (from requests>=2.20->twine>=1.15.0) (2.10)
Requirement already satisfied: urllib3<1.27,>=1.21.1 in d:\dsusers\uidq5530\charan\study\python\pluralsight\gettingstarted\ws\python_samples\python\.pybuilder\plugins\cpython-3.6.2.final.0\lib\site-packages (from requests>=2.20->twine>=1.15.0) (1.26.3)
Requirement already satisfied: chardet<5,>=3.0.2 in d:\dsusers\uidq5530\charan\study\python\pluralsight\gettingstarted\ws\python_samples\python\.pybuilder\plugins\cpython-3.6.2.final.0\lib\site-packages (from requests>=2.20->twine>=1.15.0) (4.0.0)
Requirement already satisfied: certifi>=2017.4.17 in d:\dsusers\uidq5530\charan\study\python\pluralsight\gettingstarted\ws\python_samples\python\.pybuilder\plugins\cpython-3.6.2.final.0\lib\site-packages (from requests>=2.20->twine>=1.15.0) (2020.12.5)
Requirement already satisfied: pyparsing>=2.0.2 in d:\dsusers\uidq5530\charan\study\python\pluralsight\gettingstarted\ws\python_samples\python\.pybuilder\plugins\cpython-3.6.2.final.0\lib\site-packages (from packaging->bleach>=2.1.0->readme-renderer>=21.0->twine>=1.15.0) (2.4.7)
Requirement already satisfied: coverage~=5.2 in d:\dsusers\uidq5530\charan\study\python\pluralsight\gettingstarted\ws\python_samples\python\.pybuilder\plugins\cpython-3.6.2.final.0\lib\site-packages (5.4)
Requirement already satisfied: flake8~=3.7 in d:\dsusers\uidq5530\charan\study\python\pluralsight\gettingstarted\ws\python_samples\python\.pybuilder\plugins\cpython-3.6.2.final.0\lib\site-packages (3.8.4)
Requirement already satisfied: pypandoc~=1.4 in d:\dsusers\uidq5530\charan\study\python\pluralsight\gettingstarted\ws\python_samples\python\.pybuilder\plugins\cpython-3.6.2.final.0\lib\site-packages (1.5)
Requirement already satisfied: setuptools>=38.6.0 in d:\dsusers\uidq5530\charan\study\python\pluralsight\gettingstarted\ws\python_samples\python\.pybuilder\plugins\cpython-3.6.2.final.0\lib\site-packages (53.1.0)
Requirement already satisfied: twine>=1.15.0 in d:\dsusers\uidq5530\charan\study\python\pluralsight\gettingstarted\ws\python_samples\python\.pybuilder\plugins\cpython-3.6.2.final.0\lib\site-packages (3.3.0)
Requirement already satisfied: unittest-xml-reporting~=3.0.2 in d:\dsusers\uidq5530\charan\study\python\pluralsight\gettingstarted\ws\python_samples\python\.pybuilder\plugins\cpython-3.6.2.final.0\lib\site-packages (3.0.4)
Requirement already satisfied: wheel>=0.34.0 in d:\dsusers\uidq5530\charan\study\python\pluralsight\gettingstarted\ws\python_samples\python\.pybuilder\plugins\cpython-3.6.2.final.0\lib\site-packages (0.36.2)
Requirement already satisfied: pyflakes<2.3.0,>=2.2.0 in d:\dsusers\uidq5530\charan\study\python\pluralsight\gettingstarted\ws\python_samples\python\.pybuilder\plugins\cpython-3.6.2.final.0\lib\site-packages (from flake8~=3.7) (2.2.0)
Requirement already satisfied: pycodestyle<2.7.0,>=2.6.0a1 in d:\dsusers\uidq5530\charan\study\python\pluralsight\gettingstarted\ws\python_samples\python\.pybuilder\plugins\cpython-3.6.2.final.0\lib\site-packages (from flake8~=3.7) (2.6.0)
Requirement already satisfied: importlib-metadata in d:\dsusers\uidq5530\charan\study\python\pluralsight\gettingstarted\ws\python_samples\python\.pybuilder\plugins\cpython-3.6.2.final.0\lib\site-packages (from flake8~=3.7) (3.7.0)
Requirement already satisfied: mccabe<0.7.0,>=0.6.0 in d:\dsusers\uidq5530\charan\study\python\pluralsight\gettingstarted\ws\python_samples\python\.pybuilder\plugins\cpython-3.6.2.final.0\lib\site-packages (from flake8~=3.7) (0.6.1)
Requirement already satisfied: pip>=8.1.0 in d:\dsusers\uidq5530\charan\study\python\pluralsight\gettingstarted\ws\python_samples\python\.pybuilder\plugins\cpython-3.6.2.final.0\lib\site-packages (from pypandoc~=1.4) (21.0.1)
Requirement already satisfied: rfc3986>=1.4.0 in d:\dsusers\uidq5530\charan\study\python\pluralsight\gettingstarted\ws\python_samples\python\.pybuilder\plugins\cpython-3.6.2.final.0\lib\site-packages (from twine>=1.15.0) (1.4.0)
Requirement already satisfied: colorama>=0.4.3 in d:\dsusers\uidq5530\charan\study\python\pluralsight\gettingstarted\ws\python_samples\python\.pybuilder\plugins\cpython-3.6.2.final.0\lib\site-packages (from twine>=1.15.0) (0.4.4)
Requirement already satisfied: pkginfo>=1.4.2 in d:\dsusers\uidq5530\charan\study\python\pluralsight\gettingstarted\ws\python_samples\python\.pybuilder\plugins\cpython-3.6.2.final.0\lib\site-packages (from twine>=1.15.0) (1.7.0)
Requirement already satisfied: requests-toolbelt!=0.9.0,>=0.8.0 in d:\dsusers\uidq5530\charan\study\python\pluralsight\gettingstarted\ws\python_samples\python\.pybuilder\plugins\cpython-3.6.2.final.0\lib\site-packages (from twine>=1.15.0) (0.9.1)
Requirement already satisfied: keyring>=15.1 in d:\dsusers\uidq5530\charan\study\python\pluralsight\gettingstarted\ws\python_samples\python\.pybuilder\plugins\cpython-3.6.2.final.0\lib\site-packages (from twine>=1.15.0) (22.2.0)
Requirement already satisfied: readme-renderer>=21.0 in d:\dsusers\uidq5530\charan\study\python\pluralsight\gettingstarted\ws\python_samples\python\.pybuilder\plugins\cpython-3.6.2.final.0\lib\site-packages (from twine>=1.15.0) (29.0)
Requirement already satisfied: requests>=2.20 in d:\dsusers\uidq5530\charan\study\python\pluralsight\gettingstarted\ws\python_samples\python\.pybuilder\plugins\cpython-3.6.2.final.0\lib\site-packages (from twine>=1.15.0) (2.25.1)
Requirement already satisfied: tqdm>=4.14 in d:\dsusers\uidq5530\charan\study\python\pluralsight\gettingstarted\ws\python_samples\python\.pybuilder\plugins\cpython-3.6.2.final.0\lib\site-packages (from twine>=1.15.0) (4.58.0)
Requirement already satisfied: pywin32-ctypes!=0.1.0,!=0.1.1 in d:\dsusers\uidq5530\charan\study\python\pluralsight\gettingstarted\ws\python_samples\python\.pybuilder\plugins\cpython-3.6.2.final.0\lib\site-packages (from keyring>=15.1->twine>=1.15.0) (0.2.0)
Requirement already satisfied: zipp>=0.5 in d:\dsusers\uidq5530\charan\study\python\pluralsight\gettingstarted\ws\python_samples\python\.pybuilder\plugins\cpython-3.6.2.final.0\lib\site-packages (from importlib-metadata->flake8~=3.7) (3.4.0)
Requirement already satisfied: typing-extensions>=3.6.4 in d:\dsusers\uidq5530\charan\study\python\pluralsight\gettingstarted\ws\python_samples\python\.pybuilder\plugins\cpython-3.6.2.final.0\lib\site-packages (from importlib-metadata->flake8~=3.7) (3.7.4.3)
Requirement already satisfied: bleach>=2.1.0 in d:\dsusers\uidq5530\charan\study\python\pluralsight\gettingstarted\ws\python_samples\python\.pybuilder\plugins\cpython-3.6.2.final.0\lib\site-packages (from readme-renderer>=21.0->twine>=1.15.0) (3.3.0)
Requirement already satisfied: six in d:\dsusers\uidq5530\charan\study\python\pluralsight\gettingstarted\ws\python_samples\python\.pybuilder\plugins\cpython-3.6.2.final.0\lib\site-packages (from readme-renderer>=21.0->twine>=1.15.0) (1.15.0)
Requirement already satisfied: docutils>=0.13.1 in d:\dsusers\uidq5530\charan\study\python\pluralsight\gettingstarted\ws\python_samples\python\.pybuilder\plugins\cpython-3.6.2.final.0\lib\site-packages (from readme-renderer>=21.0->twine>=1.15.0) (0.16)
Requirement already satisfied: Pygments>=2.5.1 in d:\dsusers\uidq5530\charan\study\python\pluralsight\gettingstarted\ws\python_samples\python\.pybuilder\plugins\cpython-3.6.2.final.0\lib\site-packages (from readme-renderer>=21.0->twine>=1.15.0) (2.8.0)
Requirement already satisfied: webencodings in d:\dsusers\uidq5530\charan\study\python\pluralsight\gettingstarted\ws\python_samples\python\.pybuilder\plugins\cpython-3.6.2.final.0\lib\site-packages (from bleach>=2.1.0->readme-renderer>=21.0->twine>=1.15.0) (0.5.1)
Requirement already satisfied: packaging in d:\dsusers\uidq5530\charan\study\python\pluralsight\gettingstarted\ws\python_samples\python\.pybuilder\plugins\cpython-3.6.2.final.0\lib\site-packages (from bleach>=2.1.0->readme-renderer>=21.0->twine>=1.15.0) (20.9)
Requirement already satisfied: urllib3<1.27,>=1.21.1 in d:\dsusers\uidq5530\charan\study\python\pluralsight\gettingstarted\ws\python_samples\python\.pybuilder\plugins\cpython-3.6.2.final.0\lib\site-packages (from requests>=2.20->twine>=1.15.0) (1.26.3)
Requirement already satisfied: chardet<5,>=3.0.2 in d:\dsusers\uidq5530\charan\study\python\pluralsight\gettingstarted\ws\python_samples\python\.pybuilder\plugins\cpython-3.6.2.final.0\lib\site-packages (from requests>=2.20->twine>=1.15.0) (4.0.0)
Requirement already satisfied: idna<3,>=2.5 in d:\dsusers\uidq5530\charan\study\python\pluralsight\gettingstarted\ws\python_samples\python\.pybuilder\plugins\cpython-3.6.2.final.0\lib\site-packages (from requests>=2.20->twine>=1.15.0) (2.10)
Requirement already satisfied: certifi>=2017.4.17 in d:\dsusers\uidq5530\charan\study\python\pluralsight\gettingstarted\ws\python_samples\python\.pybuilder\plugins\cpython-3.6.2.final.0\lib\site-packages (from requests>=2.20->twine>=1.15.0) (2020.12.5)
Requirement already satisfied: pyparsing>=2.0.2 in d:\dsusers\uidq5530\charan\study\python\pluralsight\gettingstarted\ws\python_samples\python\.pybuilder\plugins\cpython-3.6.2.final.0\lib\site-packages (from packaging->bleach>=2.1.0->readme-renderer>=21.0->twine>=1.15.0) (2.4.7)
Requirement already satisfied: coverage~=5.2 in d:\dsusers\uidq5530\charan\study\python\pluralsight\gettingstarted\ws\python_samples\python\.pybuilder\plugins\cpython-3.6.2.final.0\lib\site-packages (5.4)
Requirement already satisfied: flake8~=3.7 in d:\dsusers\uidq5530\charan\study\python\pluralsight\gettingstarted\ws\python_samples\python\.pybuilder\plugins\cpython-3.6.2.final.0\lib\site-packages (3.8.4)
Requirement already satisfied: pypandoc~=1.4 in d:\dsusers\uidq5530\charan\study\python\pluralsight\gettingstarted\ws\python_samples\python\.pybuilder\plugins\cpython-3.6.2.final.0\lib\site-packages (1.5)
Requirement already satisfied: setuptools>=38.6.0 in d:\dsusers\uidq5530\charan\study\python\pluralsight\gettingstarted\ws\python_samples\python\.pybuilder\plugins\cpython-3.6.2.final.0\lib\site-packages (53.1.0)
Requirement already satisfied: twine>=1.15.0 in d:\dsusers\uidq5530\charan\study\python\pluralsight\gettingstarted\ws\python_samples\python\.pybuilder\plugins\cpython-3.6.2.final.0\lib\site-packages (3.3.0)
Requirement already satisfied: unittest-xml-reporting~=3.0.2 in d:\dsusers\uidq5530\charan\study\python\pluralsight\gettingstarted\ws\python_samples\python\.pybuilder\plugins\cpython-3.6.2.final.0\lib\site-packages (3.0.4)
Requirement already satisfied: wheel>=0.34.0 in d:\dsusers\uidq5530\charan\study\python\pluralsight\gettingstarted\ws\python_samples\python\.pybuilder\plugins\cpython-3.6.2.final.0\lib\site-packages (0.36.2)
Requirement already satisfied: pyflakes<2.3.0,>=2.2.0 in d:\dsusers\uidq5530\charan\study\python\pluralsight\gettingstarted\ws\python_samples\python\.pybuilder\plugins\cpython-3.6.2.final.0\lib\site-packages (from flake8~=3.7) (2.2.0)
Requirement already satisfied: mccabe<0.7.0,>=0.6.0 in d:\dsusers\uidq5530\charan\study\python\pluralsight\gettingstarted\ws\python_samples\python\.pybuilder\plugins\cpython-3.6.2.final.0\lib\site-packages (from flake8~=3.7) (0.6.1)
Requirement already satisfied: importlib-metadata in d:\dsusers\uidq5530\charan\study\python\pluralsight\gettingstarted\ws\python_samples\python\.pybuilder\plugins\cpython-3.6.2.final.0\lib\site-packages (from flake8~=3.7) (3.7.0)
Requirement already satisfied: pycodestyle<2.7.0,>=2.6.0a1 in d:\dsusers\uidq5530\charan\study\python\pluralsight\gettingstarted\ws\python_samples\python\.pybuilder\plugins\cpython-3.6.2.final.0\lib\site-packages (from flake8~=3.7) (2.6.0)
Requirement already satisfied: pip>=8.1.0 in d:\dsusers\uidq5530\charan\study\python\pluralsight\gettingstarted\ws\python_samples\python\.pybuilder\plugins\cpython-3.6.2.final.0\lib\site-packages (from pypandoc~=1.4) (21.0.1)
Requirement already satisfied: pkginfo>=1.4.2 in d:\dsusers\uidq5530\charan\study\python\pluralsight\gettingstarted\ws\python_samples\python\.pybuilder\plugins\cpython-3.6.2.final.0\lib\site-packages (from twine>=1.15.0) (1.7.0)
Requirement already satisfied: rfc3986>=1.4.0 in d:\dsusers\uidq5530\charan\study\python\pluralsight\gettingstarted\ws\python_samples\python\.pybuilder\plugins\cpython-3.6.2.final.0\lib\site-packages (from twine>=1.15.0) (1.4.0)
Requirement already satisfied: requests>=2.20 in d:\dsusers\uidq5530\charan\study\python\pluralsight\gettingstarted\ws\python_samples\python\.pybuilder\plugins\cpython-3.6.2.final.0\lib\site-packages (from twine>=1.15.0) (2.25.1)
Requirement already satisfied: readme-renderer>=21.0 in d:\dsusers\uidq5530\charan\study\python\pluralsight\gettingstarted\ws\python_samples\python\.pybuilder\plugins\cpython-3.6.2.final.0\lib\site-packages (from twine>=1.15.0) (29.0)
Requirement already satisfied: tqdm>=4.14 in d:\dsusers\uidq5530\charan\study\python\pluralsight\gettingstarted\ws\python_samples\python\.pybuilder\plugins\cpython-3.6.2.final.0\lib\site-packages (from twine>=1.15.0) (4.58.0)
Requirement already satisfied: requests-toolbelt!=0.9.0,>=0.8.0 in d:\dsusers\uidq5530\charan\study\python\pluralsight\gettingstarted\ws\python_samples\python\.pybuilder\plugins\cpython-3.6.2.final.0\lib\site-packages (from twine>=1.15.0) (0.9.1)
Requirement already satisfied: colorama>=0.4.3 in d:\dsusers\uidq5530\charan\study\python\pluralsight\gettingstarted\ws\python_samples\python\.pybuilder\plugins\cpython-3.6.2.final.0\lib\site-packages (from twine>=1.15.0) (0.4.4)
Requirement already satisfied: keyring>=15.1 in d:\dsusers\uidq5530\charan\study\python\pluralsight\gettingstarted\ws\python_samples\python\.pybuilder\plugins\cpython-3.6.2.final.0\lib\site-packages (from twine>=1.15.0) (22.2.0)
Requirement already satisfied: pywin32-ctypes!=0.1.0,!=0.1.1 in d:\dsusers\uidq5530\charan\study\python\pluralsight\gettingstarted\ws\python_samples\python\.pybuilder\plugins\cpython-3.6.2.final.0\lib\site-packages (from keyring>=15.1->twine>=1.15.0) (0.2.0)
Requirement already satisfied: zipp>=0.5 in d:\dsusers\uidq5530\charan\study\python\pluralsight\gettingstarted\ws\python_samples\python\.pybuilder\plugins\cpython-3.6.2.final.0\lib\site-packages (from importlib-metadata->flake8~=3.7) (3.4.0)
Requirement already satisfied: typing-extensions>=3.6.4 in d:\dsusers\uidq5530\charan\study\python\pluralsight\gettingstarted\ws\python_samples\python\.pybuilder\plugins\cpython-3.6.2.final.0\lib\site-packages (from importlib-metadata->flake8~=3.7) (3.7.4.3)
Requirement already satisfied: Pygments>=2.5.1 in d:\dsusers\uidq5530\charan\study\python\pluralsight\gettingstarted\ws\python_samples\python\.pybuilder\plugins\cpython-3.6.2.final.0\lib\site-packages (from readme-renderer>=21.0->twine>=1.15.0) (2.8.0)
Requirement already satisfied: docutils>=0.13.1 in d:\dsusers\uidq5530\charan\study\python\pluralsight\gettingstarted\ws\python_samples\python\.pybuilder\plugins\cpython-3.6.2.final.0\lib\site-packages (from readme-renderer>=21.0->twine>=1.15.0) (0.16)
Requirement already satisfied: bleach>=2.1.0 in d:\dsusers\uidq5530\charan\study\python\pluralsight\gettingstarted\ws\python_samples\python\.pybuilder\plugins\cpython-3.6.2.final.0\lib\site-packages (from readme-renderer>=21.0->twine>=1.15.0) (3.3.0)
Requirement already satisfied: six in d:\dsusers\uidq5530\charan\study\python\pluralsight\gettingstarted\ws\python_samples\python\.pybuilder\plugins\cpython-3.6.2.final.0\lib\site-packages (from readme-renderer>=21.0->twine>=1.15.0) (1.15.0)
Requirement already satisfied: packaging in d:\dsusers\uidq5530\charan\study\python\pluralsight\gettingstarted\ws\python_samples\python\.pybuilder\plugins\cpython-3.6.2.final.0\lib\site-packages (from bleach>=2.1.0->readme-renderer>=21.0->twine>=1.15.0) (20.9)
Requirement already satisfied: webencodings in d:\dsusers\uidq5530\charan\study\python\pluralsight\gettingstarted\ws\python_samples\python\.pybuilder\plugins\cpython-3.6.2.final.0\lib\site-packages (from bleach>=2.1.0->readme-renderer>=21.0->twine>=1.15.0) (0.5.1)
Requirement already satisfied: certifi>=2017.4.17 in d:\dsusers\uidq5530\charan\study\python\pluralsight\gettingstarted\ws\python_samples\python\.pybuilder\plugins\cpython-3.6.2.final.0\lib\site-packages (from requests>=2.20->twine>=1.15.0) (2020.12.5)
Requirement already satisfied: chardet<5,>=3.0.2 in d:\dsusers\uidq5530\charan\study\python\pluralsight\gettingstarted\ws\python_samples\python\.pybuilder\plugins\cpython-3.6.2.final.0\lib\site-packages (from requests>=2.20->twine>=1.15.0) (4.0.0)
Requirement already satisfied: urllib3<1.27,>=1.21.1 in d:\dsusers\uidq5530\charan\study\python\pluralsight\gettingstarted\ws\python_samples\python\.pybuilder\plugins\cpython-3.6.2.final.0\lib\site-packages (from requests>=2.20->twine>=1.15.0) (1.26.3)
Requirement already satisfied: idna<3,>=2.5 in d:\dsusers\uidq5530\charan\study\python\pluralsight\gettingstarted\ws\python_samples\python\.pybuilder\plugins\cpython-3.6.2.final.0\lib\site-packages (from requests>=2.20->twine>=1.15.0) (2.10)
Requirement already satisfied: pyparsing>=2.0.2 in d:\dsusers\uidq5530\charan\study\python\pluralsight\gettingstarted\ws\python_samples\python\.pybuilder\plugins\cpython-3.6.2.final.0\lib\site-packages (from packaging->bleach>=2.1.0->readme-renderer>=21.0->twine>=1.15.0) (2.4.7)
